# JRE version: Java(TM) SE Runtime Environment (11.0.2+9) (build 11.0.2+9-LTS)
# Java VM: Java HotSpot(TM) 64-Bit Server VM (11.0.2+9-LTS, mixed mode, tiered, compressed oops, g1 gc, windows-amd64)
Heap:
 garbage-first heap   total 315392K, used 138964K [0x0000000701000000, 0x0000000800000000)
  region size 1024K, 73 young (74752K), 16 survivors (16384K)
 Metaspace       used 77844K, capacity 80754K, committed 80924K, reserved 1120256K
  class space    used 8759K, capacity 9893K, committed 9932K, reserved 1048576K
GC Heap History (10 events):
Event: 3.228 GC heap before
{Heap before GC invocations=4 (full 0):
 garbage-first heap   total 262144K, used 55517K [0x0000000701000000, 0x0000000800000000)
  region size 1024K, 47 young (48128K), 5 survivors (5120K)
 Metaspace       used 35246K, capacity 35806K, committed 35888K, reserved 1081344K
  class space    used 3692K, capacity 3950K, committed 3968K, reserved 1048576K
}
Event: 3.237 GC heap after
{Heap after GC invocations=5 (full 0):
 garbage-first heap   total 262144K, used 15301K [0x0000000701000000, 0x0000000800000000)
  region size 1024K, 7 young (7168K), 7 survivors (7168K)
 Metaspace       used 35246K, capacity 35806K, committed 35888K, reserved 1081344K
  class space    used 3692K, capacity 3950K, committed 3968K, reserved 1048576K
}
Event: 4.184 GC heap before
{Heap before GC invocations=6 (full 0):
 garbage-first heap   total 262144K, used 113605K [0x0000000701000000, 0x0000000800000000)
  region size 1024K, 103 young (105472K), 7 survivors (7168K)
 Metaspace       used 50341K, capacity 51063K, committed 51376K, reserved 1095680K
  class space    used 5510K, capacity 5798K, committed 5888K, reserved 1048576K
}
Event: 4.192 GC heap after
{Heap after GC invocations=7 (full 0):
 garbage-first heap   total 315392K, used 20708K [0x0000000701000000, 0x0000000800000000)
  region size 1024K, 12 young (12288K), 12 survivors (12288K)
 Metaspace       used 50341K, capacity 51063K, committed 51376K, reserved 1095680K
  class space    used 5510K, capacity 5798K, committed 5888K, reserved 1048576K
}
Event: 5.525 GC heap before
{Heap before GC invocations=7 (full 0):
 garbage-first heap   total 315392K, used 85220K [0x0000000701000000, 0x0000000800000000)
  region size 1024K, 76 young (77824K), 12 survivors (12288K)
 Metaspace       used 58808K, capacity 60159K, committed 60240K, reserved 1103872K
  class space    used 6472K, capacity 6902K, committed 6912K, reserved 1048576K
}
Event: 5.536 GC heap after
{Heap after GC invocations=8 (full 0):
 garbage-first heap   total 315392K, used 28771K [0x0000000701000000, 0x0000000800000000)
  region size 1024K, 19 young (19456K), 19 survivors (19456K)
 Metaspace       used 58808K, capacity 60159K, committed 60240K, reserved 1103872K
  class space    used 6472K, capacity 6902K, committed 6912K, reserved 1048576K
}
Event: 6.644 GC heap before
{Heap before GC invocations=9 (full 0):
 garbage-first heap   total 315392K, used 180323K [0x0000000701000000, 0x0000000800000000)
  region size 1024K, 160 young (163840K), 19 survivors (19456K)
 Metaspace       used 67012K, capacity 69221K, committed 69532K, reserved 1110016K
  class space    used 7614K, capacity 8410K, committed 8524K, reserved 1048576K
}
Event: 6.665 GC heap after
{Heap after GC invocations=10 (full 0):
 garbage-first heap   total 315392K, used 56702K [0x0000000701000000, 0x0000000800000000)
  region size 1024K, 20 young (20480K), 20 survivors (20480K)
 Metaspace       used 67012K, capacity 69221K, committed 69532K, reserved 1110016K
  class space    used 7614K, capacity 8410K, committed 8524K, reserved 1048576K
}
Event: 7.853 GC heap before
{Heap before GC invocations=10 (full 0):
 garbage-first heap   total 315392K, used 210302K [0x0000000701000000, 0x0000000800000000)
  region size 1024K, 167 young (171008K), 20 survivors (20480K)
 Metaspace       used 75675K, capacity 78287K, committed 78492K, reserved 1118208K
  class space    used 8521K, capacity 9532K, committed 9548K, reserved 1048576K
}
Event: 7.869 GC heap after
{Heap after GC invocations=11 (full 0):
 garbage-first heap   total 315392K, used 73428K [0x0000000701000000, 0x0000000800000000)
  region size 1024K, 16 young (16384K), 16 survivors (16384K)
 Metaspace       used 75675K, capacity 78287K, committed 78492K, reserved 1118208K
  class space    used 8521K, capacity 9532K, committed 9548K, reserved 1048576K
}

